<?xml version="1.0" encoding="UTF-8"?>
<testng-results ignored="0" total="1" passed="1" failed="0" skipped="0">
  <reporter-output>
  </reporter-output>
  <suite started-at="2023-03-20T12:15:08 IST" name="Default suite" finished-at="2023-03-20T12:15:16 IST" duration-ms="7085">
    <groups>
    </groups>
    <test started-at="2023-03-20T12:15:08 IST" name="Default test" finished-at="2023-03-20T12:15:16 IST" duration-ms="7085">
      <class name="MavenProject.Mvn.Alert2">
        <test-method is-config="true" signature="open()[pri:0, instance:MavenProject.Mvn.Alert2@1ed4ae0f]" started-at="2023-03-20T12:15:08 IST" name="open" finished-at="2023-03-20T12:15:14 IST" duration-ms="5683" status="PASS">
          <reporter-output>
          </reporter-output>
        </test-method> <!-- open -->
        <test-method signature="alert()[pri:0, instance:MavenProject.Mvn.Alert2@1ed4ae0f]" started-at="2023-03-20T12:15:14 IST" name="alert" finished-at="2023-03-20T12:15:15 IST" duration-ms="1124" status="PASS">
          <reporter-output>
          </reporter-output>
        </test-method> <!-- alert -->
        <test-method is-config="true" signature="close()[pri:0, instance:MavenProject.Mvn.Alert2@1ed4ae0f]" started-at="2023-03-20T12:15:15 IST" name="close" finished-at="2023-03-20T12:15:16 IST" duration-ms="193" status="PASS">
          <reporter-output>
          </reporter-output>
        </test-method> <!-- close -->
      </class> <!-- MavenProject.Mvn.Alert2 -->
    </test> <!-- Default test -->
  </suite> <!-- Default suite -->
</testng-results>
